<?xml version="1.0" encoding="UTF-8"?>
<coverage generated="1778879810313" clover="3.2.0">
  <project timestamp="1778879810313" name="All files">
    <metrics statements="191" coveredstatements="169" conditionals="66" coveredconditionals="50" methods="58" coveredmethods="51" elements="315" coveredelements="270" complexity="0" loc="191" ncloc="191" packages="19" files="22" classes="22"/>
    <package name="src">
      <metrics statements="1" coveredstatements="0" conditionals="0" coveredconditionals="0" methods="0" coveredmethods="0"/>
      <file name="main.tsx" path="C:\Users\user\Desktop\projects\shushanik01-REACT2026Q2\src\main.tsx">
        <metrics statements="1" coveredstatements="0" conditionals="0" coveredconditionals="0" methods="0" coveredmethods="0"/>
        <line num="8" count="0" type="stmt"/>
      </file>
    </package>
    <package name="src.__tests__.helpers">
      <metrics statements="2" coveredstatements="0" conditionals="0" coveredconditionals="0" methods="1" coveredmethods="0"/>
      <file name="renderHelpers.tsx" path="C:\Users\user\Desktop\projects\shushanik01-REACT2026Q2\src\__tests__\helpers\renderHelpers.tsx">
        <metrics statements="2" coveredstatements="0" conditionals="0" coveredconditionals="0" methods="1" coveredmethods="0"/>
        <line num="5" count="0" type="stmt"/>
        <line num="6" count="0" type="stmt"/>
      </file>
    </package>
    <package name="src.__tests__.mocks">
      <metrics statements="2" coveredstatements="2" conditionals="0" coveredconditionals="0" methods="0" coveredmethods="0"/>
      <file name="mockData.ts" path="C:\Users\user\Desktop\projects\shushanik01-REACT2026Q2\src\__tests__\mocks\mockData.ts">
        <metrics statements="2" coveredstatements="2" conditionals="0" coveredconditionals="0" methods="0" coveredmethods="0"/>
        <line num="3" count="4" type="stmt"/>
        <line num="12" count="4" type="stmt"/>
      </file>
    </package>
    <package name="src.components.CardItem">
      <metrics statements="3" coveredstatements="3" conditionals="0" coveredconditionals="0" methods="2" coveredmethods="2"/>
      <file name="CardItem.tsx" path="C:\Users\user\Desktop\projects\shushanik01-REACT2026Q2\src\components\CardItem\CardItem.tsx">
        <metrics statements="3" coveredstatements="3" conditionals="0" coveredconditionals="0" methods="2" coveredmethods="2"/>
        <line num="4" count="2" type="stmt"/>
        <line num="5" count="15" type="stmt"/>
        <line num="11" count="1" type="stmt"/>
      </file>
    </package>
    <package name="src.components.CardList">
      <metrics statements="3" coveredstatements="3" conditionals="6" coveredconditionals="4" methods="2" coveredmethods="2"/>
      <file name="CardList.tsx" path="C:\Users\user\Desktop\projects\shushanik01-REACT2026Q2\src\components\CardList\CardList.tsx">
        <metrics statements="3" coveredstatements="3" conditionals="6" coveredconditionals="4" methods="2" coveredmethods="2"/>
        <line num="5" count="1" type="stmt"/>
        <line num="6" count="7" type="stmt"/>
        <line num="10" count="8" type="stmt"/>
      </file>
    </package>
    <package name="src.components.DetailsPannel">
      <metrics statements="25" coveredstatements="24" conditionals="10" coveredconditionals="9" methods="8" coveredmethods="7"/>
      <file name="DetailsPannel.tsx" path="C:\Users\user\Desktop\projects\shushanik01-REACT2026Q2\src\components\DetailsPannel\DetailsPannel.tsx">
        <metrics statements="25" coveredstatements="24" conditionals="10" coveredconditionals="9" methods="8" coveredmethods="7"/>
        <line num="8" count="1" type="stmt"/>
        <line num="9" count="12" type="stmt"/>
        <line num="11" count="12" type="stmt"/>
        <line num="12" count="12" type="stmt"/>
        <line num="13" count="12" type="stmt"/>
        <line num="14" count="12" type="stmt"/>
        <line num="15" count="12" type="stmt"/>
        <line num="16" count="5" type="cond" truecount="1" falsecount="1"/>
        <line num="18" count="5" type="stmt"/>
        <line num="19" count="2" type="stmt"/>
        <line num="20" count="2" type="stmt"/>
        <line num="22" count="2" type="stmt"/>
        <line num="23" count="2" type="stmt"/>
        <line num="24" count="1" type="stmt"/>
        <line num="26" count="1" type="stmt"/>
        <line num="28" count="2" type="stmt"/>
        <line num="31" count="5" type="stmt"/>
        <line num="32" count="5" type="stmt"/>
        <line num="33" count="2" type="stmt"/>
        <line num="38" count="12" type="stmt"/>
        <line num="39" count="1" type="stmt"/>
        <line num="42" count="12" type="stmt"/>
        <line num="83" count="1" type="stmt"/>
        <line num="92" count="1" type="stmt"/>
        <line num="101" count="0" type="stmt"/>
      </file>
    </package>
    <package name="src.components.ErrorBoundary">
      <metrics statements="8" coveredstatements="8" conditionals="2" coveredconditionals="2" methods="4" coveredmethods="4"/>
      <file name="ErrorBoundary.tsx" path="C:\Users\user\Desktop\projects\shushanik01-REACT2026Q2\src\components\ErrorBoundary\ErrorBoundary.tsx">
        <metrics statements="8" coveredstatements="8" conditionals="2" coveredconditionals="2" methods="4" coveredmethods="4"/>
        <line num="7" count="14" type="stmt"/>
        <line num="10" count="12" type="stmt"/>
        <line num="14" count="6" type="stmt"/>
        <line num="17" count="1" type="stmt"/>
        <line num="18" count="1" type="stmt"/>
        <line num="22" count="26" type="cond" truecount="2" falsecount="0"/>
        <line num="23" count="12" type="stmt"/>
        <line num="34" count="14" type="stmt"/>
      </file>
    </package>
    <package name="src.components.Layout">
      <metrics statements="13" coveredstatements="0" conditionals="13" coveredconditionals="0" methods="4" coveredmethods="0"/>
      <file name="Layout.tsx" path="C:\Users\user\Desktop\projects\shushanik01-REACT2026Q2\src\components\Layout\Layout.tsx">
        <metrics statements="13" coveredstatements="0" conditionals="13" coveredconditionals="0" methods="4" coveredmethods="0"/>
        <line num="13" count="0" type="stmt"/>
        <line num="15" count="0" type="stmt"/>
        <line num="16" count="0" type="cond" truecount="0" falsecount="2"/>
        <line num="17" count="0" type="stmt"/>
        <line num="20" count="0" type="stmt"/>
        <line num="21" count="0" type="cond" truecount="0" falsecount="2"/>
        <line num="22" count="0" type="stmt"/>
        <line num="25" count="0" type="stmt"/>
        <line num="27" count="0" type="stmt"/>
        <line num="28" count="0" type="stmt"/>
        <line num="29" count="0" type="stmt"/>
        <line num="32" count="0" type="stmt"/>
        <line num="54" count="0" type="stmt"/>
      </file>
    </package>
    <package name="src.components.LoadingSpinner">
      <metrics statements="2" coveredstatements="2" conditionals="0" coveredconditionals="0" methods="1" coveredmethods="1"/>
      <file name="LoadingSpinner.tsx" path="C:\Users\user\Desktop\projects\shushanik01-REACT2026Q2\src\components\LoadingSpinner\LoadingSpinner.tsx">
        <metrics statements="2" coveredstatements="2" conditionals="0" coveredconditionals="0" methods="1" coveredmethods="1"/>
        <line num="3" count="2" type="stmt"/>
        <line num="4" count="8" type="stmt"/>
      </file>
    </package>
    <package name="src.components.SearchBar">
      <metrics statements="15" coveredstatements="15" conditionals="4" coveredconditionals="4" methods="5" coveredmethods="5"/>
      <file name="SearchBar.tsx" path="C:\Users\user\Desktop\projects\shushanik01-REACT2026Q2\src\components\SearchBar\SearchBar.tsx">
        <metrics statements="15" coveredstatements="15" conditionals="4" coveredconditionals="4" methods="5" coveredmethods="5"/>
        <line num="7" count="1" type="stmt"/>
        <line num="8" count="68" type="stmt"/>
        <line num="10" count="68" type="stmt"/>
        <line num="11" count="11" type="cond" truecount="2" falsecount="0"/>
        <line num="12" count="2" type="stmt"/>
        <line num="15" count="68" type="stmt"/>
        <line num="16" count="53" type="stmt"/>
        <line num="19" count="68" type="stmt"/>
        <line num="20" count="4" type="stmt"/>
        <line num="21" count="4" type="stmt"/>
        <line num="22" count="4" type="stmt"/>
        <line num="25" count="68" type="stmt"/>
        <line num="26" count="55" type="cond" truecount="2" falsecount="0"/>
        <line num="27" count="1" type="stmt"/>
        <line num="30" count="68" type="stmt"/>
      </file>
    </package>
    <package name="src.components.pagination">
      <metrics statements="16" coveredstatements="16" conditionals="4" coveredconditionals="4" methods="6" coveredmethods="6"/>
      <file name="Pagination.tsx" path="C:\Users\user\Desktop\projects\shushanik01-REACT2026Q2\src\components\pagination\Pagination.tsx">
        <metrics statements="16" coveredstatements="16" conditionals="4" coveredconditionals="4" methods="6" coveredmethods="6"/>
        <line num="4" count="1" type="stmt"/>
        <line num="9" count="7" type="stmt"/>
        <line num="10" count="7" type="stmt"/>
        <line num="11" count="7" type="stmt"/>
        <line num="12" count="7" type="stmt"/>
        <line num="13" count="7" type="stmt"/>
        <line num="15" count="7" type="cond" truecount="2" falsecount="0"/>
        <line num="16" count="1" type="stmt"/>
        <line num="19" count="7" type="stmt"/>
        <line num="20" count="35" type="stmt"/>
        <line num="22" count="7" type="stmt"/>
        <line num="25" count="7" type="stmt"/>
        <line num="28" count="1" type="stmt"/>
        <line num="36" count="35" type="stmt"/>
        <line num="38" count="1" type="stmt"/>
        <line num="46" count="1" type="stmt"/>
      </file>
    </package>
    <package name="src.components.testButton">
      <metrics statements="5" coveredstatements="5" conditionals="2" coveredconditionals="2" methods="2" coveredmethods="2"/>
      <file name="testButton.tsx" path="C:\Users\user\Desktop\projects\shushanik01-REACT2026Q2\src\components\testButton\testButton.tsx">
        <metrics statements="5" coveredstatements="5" conditionals="2" coveredconditionals="2" methods="2" coveredmethods="2"/>
        <line num="4" count="1" type="stmt"/>
        <line num="5" count="5" type="stmt"/>
        <line num="7" count="5" type="cond" truecount="2" falsecount="0"/>
        <line num="9" count="2" type="stmt"/>
        <line num="11" count="1" type="stmt"/>
      </file>
    </package>
    <package name="src.constants">
      <metrics statements="2" coveredstatements="2" conditionals="0" coveredconditionals="0" methods="0" coveredmethods="0"/>
      <file name="index.ts" path="C:\Users\user\Desktop\projects\shushanik01-REACT2026Q2\src\constants\index.ts">
        <metrics statements="2" coveredstatements="2" conditionals="0" coveredconditionals="0" methods="0" coveredmethods="0"/>
        <line num="1" count="4" type="stmt"/>
        <line num="7" count="4" type="stmt"/>
      </file>
    </package>
    <package name="src.hooks">
      <metrics statements="58" coveredstatements="55" conditionals="11" coveredconditionals="11" methods="13" coveredmethods="12"/>
      <file name="useLocalStorage.ts" path="C:\Users\user\Desktop\projects\shushanik01-REACT2026Q2\src\hooks\useLocalStorage.ts">
        <metrics statements="14" coveredstatements="11" conditionals="4" coveredconditionals="4" methods="3" coveredmethods="3"/>
        <line num="4" count="2" type="stmt"/>
        <line num="6" count="78" type="stmt"/>
        <line num="7" count="17" type="stmt"/>
        <line num="8" count="17" type="stmt"/>
        <line num="9" count="17" type="cond" truecount="2" falsecount="0"/>
        <line num="11" count="0" type="stmt"/>
        <line num="12" count="0" type="stmt"/>
        <line num="16" count="78" type="stmt"/>
        <line num="17" count="75" type="stmt"/>
        <line num="18" count="75" type="cond" truecount="2" falsecount="0"/>
        <line num="19" count="62" type="stmt"/>
        <line num="21" count="13" type="stmt"/>
        <line num="24" count="0" type="stmt"/>
        <line num="28" count="78" type="stmt"/>
      </file>
      <file name="usePagination.ts" path="C:\Users\user\Desktop\projects\shushanik01-REACT2026Q2\src\hooks\usePagination.ts">
        <metrics statements="44" coveredstatements="44" conditionals="7" coveredconditionals="7" methods="10" coveredmethods="9"/>
        <line num="5" count="1" type="stmt"/>
        <line num="6" count="1" type="stmt"/>
        <line num="8" count="1" type="stmt"/>
        <line num="12" count="63" type="stmt"/>
        <line num="13" count="63" type="stmt"/>
        <line num="14" count="63" type="stmt"/>
        <line num="15" count="63" type="stmt"/>
        <line num="16" count="63" type="stmt"/>
        <line num="17" count="63" type="stmt"/>
        <line num="18" count="63" type="cond" truecount="2" falsecount="0"/>
        <line num="19" count="63" type="stmt"/>
        <line num="21" count="63" type="stmt"/>
        <line num="22" count="24" type="stmt"/>
        <line num="25" count="63" type="stmt"/>
        <line num="26" count="11" type="cond" truecount="2" falsecount="0"/>
        <line num="27" count="9" type="stmt"/>
        <line num="28" count="9" type="stmt"/>
        <line num="30" count="2" type="stmt"/>
        <line num="33" count="63" type="stmt"/>
        <line num="34" count="14" type="stmt"/>
        <line num="35" count="14" type="stmt"/>
        <line num="36" count="14" type="stmt"/>
        <line num="38" count="14" type="stmt"/>
        <line num="40" count="12" type="stmt"/>
        <line num="43" count="12" type="cond" truecount="2" falsecount="0"/>
        <line num="44" count="5" type="stmt"/>
        <line num="45" count="4" type="stmt"/>
        <line num="46" count="4" type="stmt"/>
        <line num="48" count="7" type="stmt"/>
        <line num="49" count="7" type="stmt"/>
        <line num="50" count="6" type="stmt"/>
        <line num="51" count="6" type="stmt"/>
        <line num="54" count="10" type="stmt"/>
        <line num="55" count="10" type="stmt"/>
        <line num="57" count="2" type="stmt"/>
        <line num="59" count="12" type="stmt"/>
        <line num="62" count="14" type="stmt"/>
        <line num="65" count="63" type="stmt"/>
        <line num="67" count="63" type="stmt"/>
        <line num="68" count="3" type="stmt"/>
        <line num="71" count="63" type="stmt"/>
        <line num="72" count="63" type="stmt"/>
        <line num="73" count="63" type="stmt"/>
        <line num="75" count="63" type="stmt"/>
      </file>
    </package>
    <package name="src.pages.AboutPage">
      <metrics statements="2" coveredstatements="2" conditionals="0" coveredconditionals="0" methods="1" coveredmethods="1"/>
      <file name="About.tsx" path="C:\Users\user\Desktop\projects\shushanik01-REACT2026Q2\src\pages\AboutPage\About.tsx">
        <metrics statements="2" coveredstatements="2" conditionals="0" coveredconditionals="0" methods="1" coveredmethods="1"/>
        <line num="6" count="1" type="stmt"/>
        <line num="7" count="6" type="stmt"/>
      </file>
    </package>
    <package name="src.pages.notFoundPage">
      <metrics statements="4" coveredstatements="4" conditionals="0" coveredconditionals="0" methods="2" coveredmethods="2"/>
      <file name="notFound.tsx" path="C:\Users\user\Desktop\projects\shushanik01-REACT2026Q2\src\pages\notFoundPage\notFound.tsx">
        <metrics statements="4" coveredstatements="4" conditionals="0" coveredconditionals="0" methods="2" coveredmethods="2"/>
        <line num="5" count="1" type="stmt"/>
        <line num="6" count="4" type="stmt"/>
        <line num="8" count="4" type="stmt"/>
        <line num="16" count="1" type="stmt"/>
      </file>
    </package>
    <package name="src.router">
      <metrics statements="6" coveredstatements="4" conditionals="2" coveredconditionals="2" methods="2" coveredmethods="2"/>
      <file name="RouteError.tsx" path="C:\Users\user\Desktop\projects\shushanik01-REACT2026Q2\src\router\RouteError.tsx">
        <metrics statements="4" coveredstatements="4" conditionals="2" coveredconditionals="2" methods="2" coveredmethods="2"/>
        <line num="4" count="1" type="stmt"/>
        <line num="5" count="5" type="stmt"/>
        <line num="7" count="5" type="stmt"/>
        <line num="14" count="1" type="stmt"/>
      </file>
      <file name="routes-path.ts" path="C:\Users\user\Desktop\projects\shushanik01-REACT2026Q2\src\router\routes-path.ts">
        <metrics statements="1" coveredstatements="0" conditionals="0" coveredconditionals="0" methods="0" coveredmethods="0"/>
        <line num="1" count="0" type="stmt"/>
      </file>
      <file name="routes.tsx" path="C:\Users\user\Desktop\projects\shushanik01-REACT2026Q2\src\router\routes.tsx">
        <metrics statements="1" coveredstatements="0" conditionals="0" coveredconditionals="0" methods="0" coveredmethods="0"/>
        <line num="9" count="0" type="stmt"/>
      </file>
    </package>
    <package name="src.services">
      <metrics statements="24" coveredstatements="24" conditionals="12" coveredconditionals="12" methods="5" coveredmethods="5"/>
      <file name="api.ts" path="C:\Users\user\Desktop\projects\shushanik01-REACT2026Q2\src\services\api.ts">
        <metrics statements="24" coveredstatements="24" conditionals="12" coveredconditionals="12" methods="5" coveredmethods="5"/>
        <line num="3" count="3" type="stmt"/>
        <line num="5" count="3" type="stmt"/>
        <line num="6" count="6" type="cond" truecount="2" falsecount="0"/>
        <line num="7" count="1" type="stmt"/>
        <line num="9" count="5" type="cond" truecount="2" falsecount="0"/>
        <line num="10" count="1" type="stmt"/>
        <line num="12" count="4" type="cond" truecount="2" falsecount="0"/>
        <line num="13" count="2" type="stmt"/>
        <line num="15" count="2" type="cond" truecount="2" falsecount="0"/>
        <line num="16" count="1" type="stmt"/>
        <line num="18" count="1" type="stmt"/>
        <line num="21" count="3" type="stmt"/>
        <line num="22" count="7" type="stmt"/>
        <line num="23" count="7" type="cond" truecount="2" falsecount="0"/>
        <line num="24" count="5" type="stmt"/>
        <line num="26" count="2" type="stmt"/>
        <line num="29" count="3" type="stmt"/>
        <line num="30" count="2" type="stmt"/>
        <line num="33" count="2" type="cond" truecount="2" falsecount="0"/>
        <line num="34" count="1" type="stmt"/>
        <line num="36" count="1" type="stmt"/>
        <line num="37" count="1" type="stmt"/>
        <line num="39" count="2" type="stmt"/>
        <line num="42" count="1" type="stmt"/>
      </file>
    </package>
    <package name="src.types">
      <metrics statements="0" coveredstatements="0" conditionals="0" coveredconditionals="0" methods="0" coveredmethods="0"/>
      <file name="index.ts" path="C:\Users\user\Desktop\projects\shushanik01-REACT2026Q2\src\types\index.ts">
        <metrics statements="0" coveredstatements="0" conditionals="0" coveredconditionals="0" methods="0" coveredmethods="0"/>
      </file>
    </package>
  </project>
</coverage>
