<?xml version="1.0" encoding="UTF-8"?>
<coverage generated="1778603104912" clover="3.2.0">
  <project timestamp="1778603104912" name="All files">
    <metrics statements="90" coveredstatements="87" conditionals="46" coveredconditionals="44" methods="32" coveredmethods="31" elements="168" coveredelements="162" complexity="0" loc="90" ncloc="90" packages="13" files="14" classes="14"/>
    <package name="src">
      <metrics statements="22" coveredstatements="21" conditionals="14" coveredconditionals="14" methods="8" coveredmethods="8"/>
      <file name="App.tsx" path="C:\Users\user\Desktop\projects\shushanik01-REACT2026Q2\src\App.tsx">
        <metrics statements="21" coveredstatements="21" conditionals="14" coveredconditionals="14" methods="8" coveredmethods="8"/>
        <line num="11" count="1" type="stmt"/>
        <line num="15" count="15" type="stmt"/>
        <line num="16" count="15" type="stmt"/>
        <line num="27" count="19" type="stmt"/>
        <line num="28" count="19" type="stmt"/>
        <line num="29" count="19" type="stmt"/>
        <line num="30" count="19" type="stmt"/>
        <line num="32" count="1" type="stmt"/>
        <line num="37" count="15" type="stmt"/>
        <line num="38" count="15" type="stmt"/>
        <line num="39" count="15" type="cond" truecount="2" falsecount="0"/>
        <line num="40" count="9" type="stmt"/>
        <line num="48" count="5" type="stmt"/>
        <line num="49" count="5" type="stmt"/>
        <line num="50" count="5" type="cond" truecount="2" falsecount="0"/>
        <line num="51" count="1" type="stmt"/>
        <line num="53" count="4" type="stmt"/>
        <line num="54" count="4" type="stmt"/>
        <line num="55" count="4" type="cond" truecount="2" falsecount="0"/>
        <line num="56" count="1" type="stmt"/>
        <line num="65" count="53" type="stmt"/>
      </file>
      <file name="main.tsx" path="C:\Users\user\Desktop\projects\shushanik01-REACT2026Q2\src\main.tsx">
        <metrics statements="1" coveredstatements="0" conditionals="0" coveredconditionals="0" methods="0" coveredmethods="0"/>
        <line num="7" count="0" type="stmt"/>
      </file>
    </package>
    <package name="src.__tests__.helpers">
      <metrics statements="2" coveredstatements="0" conditionals="0" coveredconditionals="0" methods="1" coveredmethods="0"/>
      <file name="renderHelpers.tsx" path="C:\Users\user\Desktop\projects\shushanik01-REACT2026Q2\src\__tests__\helpers\renderHelpers.tsx">
        <metrics statements="2" coveredstatements="0" conditionals="0" coveredconditionals="0" methods="1" coveredmethods="0"/>
        <line num="5" count="0" type="stmt"/>
        <line num="6" count="0" type="stmt"/>
      </file>
    </package>
    <package name="src.__tests__.mocks">
      <metrics statements="2" coveredstatements="2" conditionals="0" coveredconditionals="0" methods="0" coveredmethods="0"/>
      <file name="mockData.ts" path="C:\Users\user\Desktop\projects\shushanik01-REACT2026Q2\src\__tests__\mocks\mockData.ts">
        <metrics statements="2" coveredstatements="2" conditionals="0" coveredconditionals="0" methods="0" coveredmethods="0"/>
        <line num="3" count="3" type="stmt"/>
        <line num="12" count="3" type="stmt"/>
      </file>
    </package>
    <package name="src.components.CardItem">
      <metrics statements="1" coveredstatements="1" conditionals="0" coveredconditionals="0" methods="1" coveredmethods="1"/>
      <file name="CardItem.tsx" path="C:\Users\user\Desktop\projects\shushanik01-REACT2026Q2\src\components\CardItem\CardItem.tsx">
        <metrics statements="1" coveredstatements="1" conditionals="0" coveredconditionals="0" methods="1" coveredmethods="1"/>
        <line num="7" count="40" type="stmt"/>
      </file>
    </package>
    <package name="src.components.CardList">
      <metrics statements="2" coveredstatements="2" conditionals="6" coveredconditionals="4" methods="2" coveredmethods="2"/>
      <file name="CardList.tsx" path="C:\Users\user\Desktop\projects\shushanik01-REACT2026Q2\src\components\CardList\CardList.tsx">
        <metrics statements="2" coveredstatements="2" conditionals="6" coveredconditionals="4" methods="2" coveredmethods="2"/>
        <line num="8" count="41" type="stmt"/>
        <line num="12" count="34" type="stmt"/>
      </file>
    </package>
    <package name="src.components.ErrorBoundary">
      <metrics statements="8" coveredstatements="8" conditionals="2" coveredconditionals="2" methods="4" coveredmethods="4"/>
      <file name="ErrorBoundary.tsx" path="C:\Users\user\Desktop\projects\shushanik01-REACT2026Q2\src\components\ErrorBoundary\ErrorBoundary.tsx">
        <metrics statements="8" coveredstatements="8" conditionals="2" coveredconditionals="2" methods="4" coveredmethods="4"/>
        <line num="7" count="14" type="stmt"/>
        <line num="10" count="12" type="stmt"/>
        <line num="14" count="6" type="stmt"/>
        <line num="17" count="1" type="stmt"/>
        <line num="18" count="1" type="stmt"/>
        <line num="22" count="26" type="cond" truecount="2" falsecount="0"/>
        <line num="23" count="12" type="stmt"/>
        <line num="34" count="14" type="stmt"/>
      </file>
    </package>
    <package name="src.components.LoadingSpinner">
      <metrics statements="1" coveredstatements="1" conditionals="0" coveredconditionals="0" methods="1" coveredmethods="1"/>
      <file name="LoadingSpinner.tsx" path="C:\Users\user\Desktop\projects\shushanik01-REACT2026Q2\src\components\LoadingSpinner\LoadingSpinner.tsx">
        <metrics statements="1" coveredstatements="1" conditionals="0" coveredconditionals="0" methods="1" coveredmethods="1"/>
        <line num="6" count="22" type="stmt"/>
      </file>
    </package>
    <package name="src.components.SearchBar">
      <metrics statements="15" coveredstatements="15" conditionals="8" coveredconditionals="8" methods="6" coveredmethods="6"/>
      <file name="SearchBar.tsx" path="C:\Users\user\Desktop\projects\shushanik01-REACT2026Q2\src\components\SearchBar\SearchBar.tsx">
        <metrics statements="15" coveredstatements="15" conditionals="8" coveredconditionals="8" methods="6" coveredmethods="6"/>
        <line num="8" count="25" type="stmt"/>
        <line num="9" count="25" type="stmt"/>
        <line num="14" count="95" type="cond" truecount="2" falsecount="0"/>
        <line num="15" count="5" type="cond" truecount="2" falsecount="0"/>
        <line num="19" count="47" type="stmt"/>
        <line num="20" count="47" type="stmt"/>
        <line num="23" count="8" type="stmt"/>
        <line num="24" count="8" type="stmt"/>
        <line num="25" count="8" type="stmt"/>
        <line num="26" count="8" type="stmt"/>
        <line num="27" count="8" type="stmt"/>
        <line num="30" count="45" type="stmt"/>
        <line num="31" count="45" type="cond" truecount="2" falsecount="0"/>
        <line num="32" count="1" type="stmt"/>
        <line num="36" count="120" type="stmt"/>
      </file>
    </package>
    <package name="src.components.testButton">
      <metrics statements="5" coveredstatements="5" conditionals="2" coveredconditionals="2" methods="2" coveredmethods="2"/>
      <file name="testButton.tsx" path="C:\Users\user\Desktop\projects\shushanik01-REACT2026Q2\src\components\testButton\testButton.tsx">
        <metrics statements="5" coveredstatements="5" conditionals="2" coveredconditionals="2" methods="2" coveredmethods="2"/>
        <line num="7" count="17" type="stmt"/>
        <line num="9" count="1" type="stmt"/>
        <line num="10" count="1" type="stmt"/>
        <line num="14" count="57" type="cond" truecount="2" falsecount="0"/>
        <line num="15" count="55" type="stmt"/>
      </file>
    </package>
    <package name="src.constants">
      <metrics statements="2" coveredstatements="2" conditionals="0" coveredconditionals="0" methods="0" coveredmethods="0"/>
      <file name="index.ts" path="C:\Users\user\Desktop\projects\shushanik01-REACT2026Q2\src\constants\index.ts">
        <metrics statements="2" coveredstatements="2" conditionals="0" coveredconditionals="0" methods="0" coveredmethods="0"/>
        <line num="1" count="3" type="stmt"/>
        <line num="7" count="3" type="stmt"/>
      </file>
    </package>
    <package name="src.services">
      <metrics statements="25" coveredstatements="25" conditionals="12" coveredconditionals="12" methods="5" coveredmethods="5"/>
      <file name="api.ts" path="C:\Users\user\Desktop\projects\shushanik01-REACT2026Q2\src\services\api.ts">
        <metrics statements="25" coveredstatements="25" conditionals="12" coveredconditionals="12" methods="5" coveredmethods="5"/>
        <line num="3" count="2" type="stmt"/>
        <line num="4" count="2" type="stmt"/>
        <line num="6" count="2" type="stmt"/>
        <line num="7" count="6" type="cond" truecount="2" falsecount="0"/>
        <line num="8" count="1" type="stmt"/>
        <line num="10" count="5" type="cond" truecount="2" falsecount="0"/>
        <line num="11" count="1" type="stmt"/>
        <line num="13" count="4" type="cond" truecount="2" falsecount="0"/>
        <line num="14" count="2" type="stmt"/>
        <line num="16" count="2" type="cond" truecount="2" falsecount="0"/>
        <line num="17" count="1" type="stmt"/>
        <line num="19" count="1" type="stmt"/>
        <line num="22" count="2" type="stmt"/>
        <line num="23" count="7" type="stmt"/>
        <line num="24" count="7" type="cond" truecount="2" falsecount="0"/>
        <line num="25" count="5" type="stmt"/>
        <line num="27" count="2" type="stmt"/>
        <line num="30" count="2" type="stmt"/>
        <line num="31" count="2" type="stmt"/>
        <line num="34" count="2" type="cond" truecount="2" falsecount="0"/>
        <line num="35" count="1" type="stmt"/>
        <line num="37" count="1" type="stmt"/>
        <line num="38" count="1" type="stmt"/>
        <line num="40" count="2" type="stmt"/>
        <line num="43" count="1" type="stmt"/>
      </file>
    </package>
    <package name="src.types">
      <metrics statements="0" coveredstatements="0" conditionals="0" coveredconditionals="0" methods="0" coveredmethods="0"/>
      <file name="index.ts" path="C:\Users\user\Desktop\projects\shushanik01-REACT2026Q2\src\types\index.ts">
        <metrics statements="0" coveredstatements="0" conditionals="0" coveredconditionals="0" methods="0" coveredmethods="0"/>
      </file>
    </package>
    <package name="src.utils">
      <metrics statements="5" coveredstatements="5" conditionals="2" coveredconditionals="2" methods="2" coveredmethods="2"/>
      <file name="localStorage.ts" path="C:\Users\user\Desktop\projects\shushanik01-REACT2026Q2\src\utils\localStorage.ts">
        <metrics statements="5" coveredstatements="5" conditionals="2" coveredconditionals="2" methods="2" coveredmethods="2"/>
        <line num="1" count="2" type="stmt"/>
        <line num="3" count="2" type="stmt"/>
        <line num="4" count="3" type="cond" truecount="2" falsecount="0"/>
        <line num="7" count="2" type="stmt"/>
        <line num="8" count="5" type="stmt"/>
      </file>
    </package>
  </project>
</coverage>
