{"C:\\Users\\user\\Desktop\\projects\\shushanik01-REACT2026Q2\\src\\App.tsx": {"path":"C:\\Users\\user\\Desktop\\projects\\shushanik01-REACT2026Q2\\src\\App.tsx","statementMap":{"0":{"start":{"line":11,"column":25},"end":{"line":11,"column":null}},"1":{"start":{"line":48,"column":17},"end":{"line":61,"column":null}},"2":{"start":{"line":15,"column":4},"end":{"line":15,"column":null}},"3":{"start":{"line":16,"column":4},"end":{"line":21,"column":null}},"4":{"start":{"line":27,"column":4},"end":{"line":27,"column":null}},"5":{"start":{"line":28,"column":4},"end":{"line":28,"column":null}},"6":{"start":{"line":28,"column":35},"end":{"line":28,"column":72}},"7":{"start":{"line":29,"column":4},"end":{"line":32,"column":null}},"8":{"start":{"line":30,"column":6},"end":{"line":30,"column":null}},"9":{"start":{"line":32,"column":6},"end":{"line":32,"column":null}},"10":{"start":{"line":37,"column":10},"end":{"line":37,"column":38}},"11":{"start":{"line":38,"column":4},"end":{"line":45,"column":null}},"12":{"start":{"line":39,"column":19},"end":{"line":39,"column":66}},"13":{"start":{"line":40,"column":6},"end":{"line":44,"column":null}},"14":{"start":{"line":49,"column":17},"end":{"line":49,"column":31}},"15":{"start":{"line":50,"column":4},"end":{"line":51,"column":null}},"16":{"start":{"line":51,"column":6},"end":{"line":51,"column":null}},"17":{"start":{"line":53,"column":4},"end":{"line":53,"column":null}},"18":{"start":{"line":54,"column":4},"end":{"line":61,"column":null}},"19":{"start":{"line":55,"column":19},"end":{"line":55,"column":66}},"20":{"start":{"line":56,"column":6},"end":{"line":60,"column":null}},"21":{"start":{"line":65,"column":4},"end":{"line":80,"column":null}}},"fnMap":{"0":{"name":"(anonymous_0)","decl":{"start":{"line":14,"column":2},"end":{"line":14,"column":14}},"loc":{"start":{"line":14,"column":29},"end":{"line":21,"column":null}},"line":14},"1":{"name":"(anonymous_1)","decl":{"start":{"line":24,"column":16},"end":{"line":24,"column":null}},"loc":{"start":{"line":26,"column":19},"end":{"line":32,"column":null}},"line":26},"2":{"name":"(anonymous_2)","decl":{"start":{"line":28,"column":14},"end":{"line":28,"column":23}},"loc":{"start":{"line":28,"column":35},"end":{"line":28,"column":72}},"line":28},"3":{"name":"(anonymous_3)","decl":{"start":{"line":36,"column":8},"end":{"line":36,"column":43}},"loc":{"start":{"line":36,"column":43},"end":{"line":45,"column":null}},"line":36},"4":{"name":"(anonymous_4)","decl":{"start":{"line":38,"column":32},"end":{"line":38,"column":44}},"loc":{"start":{"line":38,"column":44},"end":{"line":45,"column":null}},"line":38},"5":{"name":"(anonymous_5)","decl":{"start":{"line":48,"column":17},"end":{"line":48,"column":24}},"loc":{"start":{"line":48,"column":59},"end":{"line":61,"column":null}},"line":48},"6":{"name":"(anonymous_6)","decl":{"start":{"line":54,"column":32},"end":{"line":54,"column":44}},"loc":{"start":{"line":54,"column":44},"end":{"line":61,"column":null}},"line":54},"7":{"name":"(anonymous_7)","decl":{"start":{"line":64,"column":2},"end":{"line":64,"column":11}},"loc":{"start":{"line":64,"column":11},"end":{"line":80,"column":null}},"line":64}},"branchMap":{"0":{"loc":{"start":{"line":39,"column":19},"end":{"line":39,"column":66}},"type":"cond-expr","locations":[{"start":{"line":39,"column":26},"end":{"line":39,"column":45}},{"start":{"line":39,"column":48},"end":{"line":39,"column":66}}],"line":39},"1":{"loc":{"start":{"line":42,"column":15},"end":{"line":42,"column":null}},"type":"cond-expr","locations":[{"start":{"line":42,"column":22},"end":{"line":42,"column":28}},{"start":{"line":42,"column":31},"end":{"line":42,"column":null}}],"line":42},"2":{"loc":{"start":{"line":50,"column":4},"end":{"line":51,"column":null}},"type":"if","locations":[{"start":{"line":50,"column":4},"end":{"line":51,"column":null}},{"start":{},"end":{}}],"line":50},"3":{"loc":{"start":{"line":55,"column":19},"end":{"line":55,"column":66}},"type":"cond-expr","locations":[{"start":{"line":55,"column":26},"end":{"line":55,"column":45}},{"start":{"line":55,"column":48},"end":{"line":55,"column":66}}],"line":55},"4":{"loc":{"start":{"line":58,"column":15},"end":{"line":58,"column":null}},"type":"cond-expr","locations":[{"start":{"line":58,"column":22},"end":{"line":58,"column":28}},{"start":{"line":58,"column":31},"end":{"line":58,"column":null}}],"line":58},"5":{"loc":{"start":{"line":71,"column":9},"end":{"line":72,"column":null}},"type":"binary-expr","locations":[{"start":{"line":71,"column":9},"end":{"line":71,"column":null}},{"start":{"line":72,"column":10},"end":{"line":72,"column":null}}],"line":71},"6":{"loc":{"start":{"line":74,"column":9},"end":{"line":77,"column":null}},"type":"cond-expr","locations":[{"start":{"line":75,"column":10},"end":{"line":77,"column":11}},{"start":{"line":77,"column":10},"end":{"line":77,"column":null}}],"line":74}},"s":{"0":1,"1":5,"2":15,"3":15,"4":19,"5":19,"6":19,"7":19,"8":19,"9":1,"10":15,"11":15,"12":15,"13":9,"14":5,"15":5,"16":1,"17":4,"18":4,"19":4,"20":1,"21":53},"f":{"0":15,"1":19,"2":19,"3":15,"4":15,"5":5,"6":4,"7":53},"b":{"0":[5,10],"1":[5,9],"2":[1,4],"3":[3,1],"4":[3,1],"5":[53,1],"6":[19,34]},"meta":{"lastBranch":7,"lastFunction":8,"lastStatement":22,"seen":{"s:11:25:11:Infinity":0,"s:48:17:61:Infinity":1,"f:14:2:14:14":0,"s:15:4:15:Infinity":2,"s:16:4:21:Infinity":3,"f:24:16:24:Infinity":1,"s:27:4:27:Infinity":4,"s:28:4:28:Infinity":5,"f:28:14:28:23":2,"s:28:35:28:72":6,"s:29:4:32:Infinity":7,"s:30:6:30:Infinity":8,"s:32:6:32:Infinity":9,"f:36:8:36:43":3,"s:37:10:37:38":10,"s:38:4:45:Infinity":11,"f:38:32:38:44":4,"s:39:19:39:66":12,"b:39:26:39:45:39:48:39:66":0,"s:40:6:44:Infinity":13,"b:42:22:42:28:42:31:42:Infinity":1,"f:48:17:48:24":5,"s:49:17:49:31":14,"b:50:4:51:Infinity:undefined:undefined:undefined:undefined":2,"s:50:4:51:Infinity":15,"s:51:6:51:Infinity":16,"s:53:4:53:Infinity":17,"s:54:4:61:Infinity":18,"f:54:32:54:44":6,"s:55:19:55:66":19,"b:55:26:55:45:55:48:55:66":3,"s:56:6:60:Infinity":20,"b:58:22:58:28:58:31:58:Infinity":4,"f:64:2:64:11":7,"s:65:4:80:Infinity":21,"b:71:9:71:Infinity:72:10:72:Infinity":5,"b:75:10:77:11:77:10:77:Infinity":6}}}
,"C:\\Users\\user\\Desktop\\projects\\shushanik01-REACT2026Q2\\src\\main.tsx": {"path":"C:\\Users\\user\\Desktop\\projects\\shushanik01-REACT2026Q2\\src\\main.tsx","statementMap":{"0":{"start":{"line":7,"column":0},"end":{"line":13,"column":null}}},"fnMap":{},"branchMap":{},"s":{"0":0},"f":{},"b":{},"meta":{"lastBranch":0,"lastFunction":0,"lastStatement":1,"seen":{"s:7:0:13:Infinity":0}}}
,"C:\\Users\\user\\Desktop\\projects\\shushanik01-REACT2026Q2\\src\\__tests__\\helpers\\renderHelpers.tsx": {"path":"C:\\Users\\user\\Desktop\\projects\\shushanik01-REACT2026Q2\\src\\__tests__\\helpers\\renderHelpers.tsx","statementMap":{"0":{"start":{"line":5,"column":13},"end":{"line":6,"column":null}},"1":{"start":{"line":6,"column":2},"end":{"line":6,"column":null}}},"fnMap":{"0":{"name":"(anonymous_0)","decl":{"start":{"line":5,"column":13},"end":{"line":5,"column":40}},"loc":{"start":{"line":5,"column":61},"end":{"line":6,"column":null}},"line":5}},"branchMap":{},"s":{"0":0,"1":0},"f":{"0":0},"b":{},"meta":{"lastBranch":0,"lastFunction":1,"lastStatement":2,"seen":{"s:5:13:6:Infinity":0,"f:5:13:5:40":0,"s:6:2:6:Infinity":1}}}
,"C:\\Users\\user\\Desktop\\projects\\shushanik01-REACT2026Q2\\src\\__tests__\\mocks\\mockData.ts": {"path":"C:\\Users\\user\\Desktop\\projects\\shushanik01-REACT2026Q2\\src\\__tests__\\mocks\\mockData.ts","statementMap":{"0":{"start":{"line":3,"column":30},"end":{"line":10,"column":null}},"1":{"start":{"line":12,"column":33},"end":{"line":21,"column":null}}},"fnMap":{},"branchMap":{},"s":{"0":3,"1":3},"f":{},"b":{},"meta":{"lastBranch":0,"lastFunction":0,"lastStatement":2,"seen":{"s:3:30:10:Infinity":0,"s:12:33:21:Infinity":1}}}
,"C:\\Users\\user\\Desktop\\projects\\shushanik01-REACT2026Q2\\src\\components\\CardItem\\CardItem.tsx": {"path":"C:\\Users\\user\\Desktop\\projects\\shushanik01-REACT2026Q2\\src\\components\\CardItem\\CardItem.tsx","statementMap":{"0":{"start":{"line":7,"column":4},"end":{"line":20,"column":null}}},"fnMap":{"0":{"name":"(anonymous_0)","decl":{"start":{"line":6,"column":2},"end":{"line":6,"column":22}},"loc":{"start":{"line":6,"column":22},"end":{"line":20,"column":null}},"line":6}},"branchMap":{},"s":{"0":40},"f":{"0":40},"b":{},"meta":{"lastBranch":0,"lastFunction":1,"lastStatement":1,"seen":{"f:6:2:6:22":0,"s:7:4:20:Infinity":0}}}
,"C:\\Users\\user\\Desktop\\projects\\shushanik01-REACT2026Q2\\src\\components\\CardList\\CardList.tsx": {"path":"C:\\Users\\user\\Desktop\\projects\\shushanik01-REACT2026Q2\\src\\components\\CardList\\CardList.tsx","statementMap":{"0":{"start":{"line":8,"column":4},"end":{"line":21,"column":null}},"1":{"start":{"line":12,"column":10},"end":{"line":20,"column":null}}},"fnMap":{"0":{"name":"(anonymous_0)","decl":{"start":{"line":7,"column":2},"end":{"line":7,"column":22}},"loc":{"start":{"line":7,"column":22},"end":{"line":21,"column":null}},"line":7},"1":{"name":"(anonymous_1)","decl":{"start":{"line":11,"column":34},"end":{"line":11,"column":39}},"loc":{"start":{"line":12,"column":10},"end":{"line":20,"column":null}},"line":12}},"branchMap":{"0":{"loc":{"start":{"line":9,"column":6},"end":{"line":11,"column":15}},"type":"binary-expr","locations":[{"start":{"line":9,"column":6},"end":{"line":10,"column":50}},{"start":{"line":10,"column":50},"end":{"line":11,"column":15}}],"line":9},"1":{"loc":{"start":{"line":10,"column":10},"end":{"line":10,"column":32}},"type":"binary-expr","locations":[{"start":{"line":10,"column":10},"end":{"line":10,"column":30}},{"start":{"line":10,"column":30},"end":{"line":10,"column":32}}],"line":10},"2":{"loc":{"start":{"line":11,"column":10},"end":{"line":11,"column":32}},"type":"binary-expr","locations":[{"start":{"line":11,"column":10},"end":{"line":11,"column":30}},{"start":{"line":11,"column":30},"end":{"line":11,"column":32}}],"line":11}},"s":{"0":41,"1":34},"f":{"0":41,"1":34},"b":{"0":[41,19],"1":[41,0],"2":[41,0]},"meta":{"lastBranch":3,"lastFunction":2,"lastStatement":2,"seen":{"f:7:2:7:22":0,"s:8:4:21:Infinity":0,"b:9:6:10:50:10:50:11:15":0,"b:10:10:10:30:10:30:10:32":1,"b:11:10:11:30:11:30:11:32":2,"f:11:34:11:39":1,"s:12:10:20:Infinity":1}}}
,"C:\\Users\\user\\Desktop\\projects\\shushanik01-REACT2026Q2\\src\\components\\ErrorBoundary\\ErrorBoundary.tsx": {"path":"C:\\Users\\user\\Desktop\\projects\\shushanik01-REACT2026Q2\\src\\components\\ErrorBoundary\\ErrorBoundary.tsx","statementMap":{"0":{"start":{"line":7,"column":30},"end":{"line":7,"column":45}},"1":{"start":{"line":17,"column":2},"end":{"line":18,"column":null}},"2":{"start":{"line":10,"column":4},"end":{"line":10,"column":null}},"3":{"start":{"line":14,"column":4},"end":{"line":14,"column":null}},"4":{"start":{"line":18,"column":4},"end":{"line":18,"column":null}},"5":{"start":{"line":22,"column":4},"end":{"line":30,"column":null}},"6":{"start":{"line":23,"column":6},"end":{"line":30,"column":null}},"7":{"start":{"line":34,"column":4},"end":{"line":34,"column":null}}},"fnMap":{"0":{"name":"(anonymous_0)","decl":{"start":{"line":9,"column":9},"end":{"line":9,"column":34}},"loc":{"start":{"line":9,"column":68},"end":{"line":10,"column":null}},"line":9},"1":{"name":"(anonymous_1)","decl":{"start":{"line":13,"column":2},"end":{"line":13,"column":20}},"loc":{"start":{"line":13,"column":63},"end":{"line":14,"column":null}},"line":13},"2":{"name":"(anonymous_2)","decl":{"start":{"line":17,"column":2},"end":{"line":17,"column":29}},"loc":{"start":{"line":17,"column":29},"end":{"line":18,"column":null}},"line":17},"3":{"name":"(anonymous_3)","decl":{"start":{"line":21,"column":2},"end":{"line":21,"column":22}},"loc":{"start":{"line":21,"column":22},"end":{"line":34,"column":null}},"line":21}},"branchMap":{"0":{"loc":{"start":{"line":22,"column":4},"end":{"line":30,"column":null}},"type":"if","locations":[{"start":{"line":22,"column":4},"end":{"line":30,"column":null}},{"start":{},"end":{}}],"line":22}},"s":{"0":14,"1":1,"2":12,"3":6,"4":1,"5":26,"6":12,"7":14},"f":{"0":14,"1":6,"2":1,"3":26},"b":{"0":[12,14]},"meta":{"lastBranch":1,"lastFunction":4,"lastStatement":8,"seen":{"s:7:30:7:45":0,"s:17:2:18:Infinity":1,"f:9:9:9:34":0,"s:10:4:10:Infinity":2,"f:13:2:13:20":1,"s:14:4:14:Infinity":3,"f:17:2:17:29":2,"s:18:4:18:Infinity":4,"f:21:2:21:22":3,"b:22:4:30:Infinity:undefined:undefined:undefined:undefined":0,"s:22:4:30:Infinity":5,"s:23:6:30:Infinity":6,"s:34:4:34:Infinity":7}}}
,"C:\\Users\\user\\Desktop\\projects\\shushanik01-REACT2026Q2\\src\\components\\LoadingSpinner\\LoadingSpinner.tsx": {"path":"C:\\Users\\user\\Desktop\\projects\\shushanik01-REACT2026Q2\\src\\components\\LoadingSpinner\\LoadingSpinner.tsx","statementMap":{"0":{"start":{"line":6,"column":4},"end":{"line":9,"column":null}}},"fnMap":{"0":{"name":"(anonymous_0)","decl":{"start":{"line":5,"column":2},"end":{"line":5,"column":11}},"loc":{"start":{"line":5,"column":11},"end":{"line":9,"column":null}},"line":5}},"branchMap":{},"s":{"0":22},"f":{"0":22},"b":{},"meta":{"lastBranch":0,"lastFunction":1,"lastStatement":1,"seen":{"f:5:2:5:11":0,"s:6:4:9:Infinity":0}}}
,"C:\\Users\\user\\Desktop\\projects\\shushanik01-REACT2026Q2\\src\\components\\SearchBar\\SearchBar.tsx": {"path":"C:\\Users\\user\\Desktop\\projects\\shushanik01-REACT2026Q2\\src\\components\\SearchBar\\SearchBar.tsx","statementMap":{"0":{"start":{"line":19,"column":2},"end":{"line":20,"column":null}},"1":{"start":{"line":23,"column":2},"end":{"line":27,"column":null}},"2":{"start":{"line":30,"column":2},"end":{"line":32,"column":null}},"3":{"start":{"line":8,"column":4},"end":{"line":8,"column":null}},"4":{"start":{"line":9,"column":4},"end":{"line":11,"column":null}},"5":{"start":{"line":14,"column":4},"end":{"line":15,"column":null}},"6":{"start":{"line":15,"column":6},"end":{"line":15,"column":null}},"7":{"start":{"line":20,"column":4},"end":{"line":20,"column":null}},"8":{"start":{"line":24,"column":21},"end":{"line":24,"column":null}},"9":{"start":{"line":25,"column":25},"end":{"line":25,"column":40}},"10":{"start":{"line":26,"column":4},"end":{"line":26,"column":null}},"11":{"start":{"line":27,"column":4},"end":{"line":27,"column":null}},"12":{"start":{"line":31,"column":4},"end":{"line":32,"column":null}},"13":{"start":{"line":32,"column":6},"end":{"line":32,"column":null}},"14":{"start":{"line":36,"column":4},"end":{"line":49,"column":null}}},"fnMap":{"0":{"name":"(anonymous_0)","decl":{"start":{"line":7,"column":2},"end":{"line":7,"column":14}},"loc":{"start":{"line":7,"column":34},"end":{"line":11,"column":null}},"line":7},"1":{"name":"(anonymous_1)","decl":{"start":{"line":13,"column":2},"end":{"line":13,"column":21}},"loc":{"start":{"line":13,"column":51},"end":{"line":15,"column":null}},"line":13},"2":{"name":"(anonymous_2)","decl":{"start":{"line":19,"column":2},"end":{"line":19,"column":23}},"loc":{"start":{"line":19,"column":72},"end":{"line":20,"column":null}},"line":19},"3":{"name":"(anonymous_3)","decl":{"start":{"line":23,"column":2},"end":{"line":23,"column":29}},"loc":{"start":{"line":23,"column":29},"end":{"line":27,"column":null}},"line":23},"4":{"name":"(anonymous_4)","decl":{"start":{"line":30,"column":2},"end":{"line":30,"column":19}},"loc":{"start":{"line":30,"column":64},"end":{"line":32,"column":null}},"line":30},"5":{"name":"(anonymous_5)","decl":{"start":{"line":35,"column":2},"end":{"line":35,"column":22}},"loc":{"start":{"line":35,"column":22},"end":{"line":49,"column":null}},"line":35}},"branchMap":{"0":{"loc":{"start":{"line":10,"column":18},"end":{"line":10,"column":null}},"type":"binary-expr","locations":[{"start":{"line":10,"column":18},"end":{"line":10,"column":40}},{"start":{"line":10,"column":40},"end":{"line":10,"column":null}}],"line":10},"1":{"loc":{"start":{"line":14,"column":4},"end":{"line":15,"column":null}},"type":"if","locations":[{"start":{"line":14,"column":4},"end":{"line":15,"column":null}},{"start":{},"end":{}}],"line":14},"2":{"loc":{"start":{"line":15,"column":34},"end":{"line":15,"column":65}},"type":"binary-expr","locations":[{"start":{"line":15,"column":34},"end":{"line":15,"column":61}},{"start":{"line":15,"column":61},"end":{"line":15,"column":65}}],"line":15},"3":{"loc":{"start":{"line":31,"column":4},"end":{"line":32,"column":null}},"type":"if","locations":[{"start":{"line":31,"column":4},"end":{"line":32,"column":null}},{"start":{},"end":{}}],"line":31}},"s":{"0":47,"1":8,"2":45,"3":25,"4":25,"5":95,"6":5,"7":47,"8":8,"9":8,"10":8,"11":8,"12":45,"13":1,"14":120},"f":{"0":25,"1":95,"2":47,"3":8,"4":45,"5":120},"b":{"0":[25,18],"1":[5,90],"2":[5,1],"3":[1,44]},"meta":{"lastBranch":4,"lastFunction":6,"lastStatement":15,"seen":{"s:19:2:20:Infinity":0,"s:23:2:27:Infinity":1,"s:30:2:32:Infinity":2,"f:7:2:7:14":0,"s:8:4:8:Infinity":3,"s:9:4:11:Infinity":4,"b:10:18:10:40:10:40:10:Infinity":0,"f:13:2:13:21":1,"b:14:4:15:Infinity:undefined:undefined:undefined:undefined":1,"s:14:4:15:Infinity":5,"s:15:6:15:Infinity":6,"b:15:34:15:61:15:61:15:65":2,"f:19:2:19:23":2,"s:20:4:20:Infinity":7,"f:23:2:23:29":3,"s:24:21:24:Infinity":8,"s:25:25:25:40":9,"s:26:4:26:Infinity":10,"s:27:4:27:Infinity":11,"f:30:2:30:19":4,"b:31:4:32:Infinity:undefined:undefined:undefined:undefined":3,"s:31:4:32:Infinity":12,"s:32:6:32:Infinity":13,"f:35:2:35:22":5,"s:36:4:49:Infinity":14}}}
,"C:\\Users\\user\\Desktop\\projects\\shushanik01-REACT2026Q2\\src\\components\\testButton\\testButton.tsx": {"path":"C:\\Users\\user\\Desktop\\projects\\shushanik01-REACT2026Q2\\src\\components\\testButton\\testButton.tsx","statementMap":{"0":{"start":{"line":7,"column":27},"end":{"line":7,"column":49}},"1":{"start":{"line":9,"column":2},"end":{"line":10,"column":null}},"2":{"start":{"line":10,"column":4},"end":{"line":10,"column":null}},"3":{"start":{"line":14,"column":4},"end":{"line":14,"column":null}},"4":{"start":{"line":14,"column":32},"end":{"line":14,"column":null}},"5":{"start":{"line":15,"column":4},"end":{"line":18,"column":null}}},"fnMap":{"0":{"name":"(anonymous_0)","decl":{"start":{"line":9,"column":2},"end":{"line":9,"column":28}},"loc":{"start":{"line":9,"column":28},"end":{"line":10,"column":null}},"line":9},"1":{"name":"(anonymous_1)","decl":{"start":{"line":13,"column":2},"end":{"line":13,"column":22}},"loc":{"start":{"line":13,"column":22},"end":{"line":18,"column":null}},"line":13}},"branchMap":{"0":{"loc":{"start":{"line":14,"column":4},"end":{"line":14,"column":null}},"type":"if","locations":[{"start":{"line":14,"column":4},"end":{"line":14,"column":null}},{"start":{},"end":{}}],"line":14}},"s":{"0":17,"1":1,"2":1,"3":57,"4":2,"5":55},"f":{"0":1,"1":57},"b":{"0":[2,55]},"meta":{"lastBranch":1,"lastFunction":2,"lastStatement":6,"seen":{"s:7:27:7:49":0,"s:9:2:10:Infinity":1,"f:9:2:9:28":0,"s:10:4:10:Infinity":2,"f:13:2:13:22":1,"b:14:4:14:Infinity:undefined:undefined:undefined:undefined":0,"s:14:4:14:Infinity":3,"s:14:32:14:Infinity":4,"s:15:4:18:Infinity":5}}}
,"C:\\Users\\user\\Desktop\\projects\\shushanik01-REACT2026Q2\\src\\constants\\index.ts": {"path":"C:\\Users\\user\\Desktop\\projects\\shushanik01-REACT2026Q2\\src\\constants\\index.ts","statementMap":{"0":{"start":{"line":1,"column":29},"end":{"line":5,"column":null}},"1":{"start":{"line":7,"column":27},"end":{"line":12,"column":null}}},"fnMap":{},"branchMap":{},"s":{"0":3,"1":3},"f":{},"b":{},"meta":{"lastBranch":0,"lastFunction":0,"lastStatement":2,"seen":{"s:1:29:5:Infinity":0,"s:7:27:12:Infinity":1}}}
,"C:\\Users\\user\\Desktop\\projects\\shushanik01-REACT2026Q2\\src\\services\\api.ts": {"path":"C:\\Users\\user\\Desktop\\projects\\shushanik01-REACT2026Q2\\src\\services\\api.ts","statementMap":{"0":{"start":{"line":3,"column":16},"end":{"line":3,"column":null}},"1":{"start":{"line":4,"column":28},"end":{"line":4,"column":null}},"2":{"start":{"line":6,"column":6},"end":{"line":19,"column":null}},"3":{"start":{"line":7,"column":2},"end":{"line":8,"column":null}},"4":{"start":{"line":8,"column":4},"end":{"line":8,"column":null}},"5":{"start":{"line":10,"column":2},"end":{"line":11,"column":null}},"6":{"start":{"line":11,"column":4},"end":{"line":11,"column":null}},"7":{"start":{"line":13,"column":2},"end":{"line":14,"column":null}},"8":{"start":{"line":14,"column":4},"end":{"line":14,"column":null}},"9":{"start":{"line":16,"column":2},"end":{"line":17,"column":null}},"10":{"start":{"line":17,"column":4},"end":{"line":17,"column":null}},"11":{"start":{"line":19,"column":2},"end":{"line":19,"column":null}},"12":{"start":{"line":22,"column":23},"end":{"line":27,"column":null}},"13":{"start":{"line":23,"column":19},"end":{"line":23,"column":74}},"14":{"start":{"line":24,"column":2},"end":{"line":25,"column":null}},"15":{"start":{"line":25,"column":4},"end":{"line":25,"column":null}},"16":{"start":{"line":27,"column":2},"end":{"line":27,"column":null}},"17":{"start":{"line":30,"column":26},"end":{"line":43,"column":null}},"18":{"start":{"line":31,"column":19},"end":{"line":32,"column":null}},"19":{"start":{"line":34,"column":2},"end":{"line":35,"column":null}},"20":{"start":{"line":35,"column":4},"end":{"line":35,"column":null}},"21":{"start":{"line":37,"column":15},"end":{"line":37,"column":36}},"22":{"start":{"line":38,"column":18},"end":{"line":41,"column":null}},"23":{"start":{"line":40,"column":6},"end":{"line":40,"column":60}},"24":{"start":{"line":40,"column":44},"end":{"line":40,"column":59}},"25":{"start":{"line":43,"column":2},"end":{"line":43,"column":null}}},"fnMap":{"0":{"name":"(anonymous_0)","decl":{"start":{"line":6,"column":6},"end":{"line":6,"column":23}},"loc":{"start":{"line":6,"column":53},"end":{"line":19,"column":null}},"line":6},"1":{"name":"(anonymous_1)","decl":{"start":{"line":22,"column":23},"end":{"line":22,"column":30}},"loc":{"start":{"line":22,"column":47},"end":{"line":27,"column":null}},"line":22},"2":{"name":"(anonymous_2)","decl":{"start":{"line":30,"column":26},"end":{"line":30,"column":38}},"loc":{"start":{"line":30,"column":38},"end":{"line":43,"column":null}},"line":30},"3":{"name":"(anonymous_3)","decl":{"start":{"line":39,"column":17},"end":{"line":39,"column":22}},"loc":{"start":{"line":40,"column":6},"end":{"line":40,"column":60}},"line":40},"4":{"name":"(anonymous_4)","decl":{"start":{"line":40,"column":25},"end":{"line":40,"column":31}},"loc":{"start":{"line":40,"column":44},"end":{"line":40,"column":59}},"line":40}},"branchMap":{"0":{"loc":{"start":{"line":7,"column":2},"end":{"line":8,"column":null}},"type":"if","locations":[{"start":{"line":7,"column":2},"end":{"line":8,"column":null}},{"start":{},"end":{}}],"line":7},"1":{"loc":{"start":{"line":10,"column":2},"end":{"line":11,"column":null}},"type":"if","locations":[{"start":{"line":10,"column":2},"end":{"line":11,"column":null}},{"start":{},"end":{}}],"line":10},"2":{"loc":{"start":{"line":13,"column":2},"end":{"line":14,"column":null}},"type":"if","locations":[{"start":{"line":13,"column":2},"end":{"line":14,"column":null}},{"start":{},"end":{}}],"line":13},"3":{"loc":{"start":{"line":16,"column":2},"end":{"line":17,"column":null}},"type":"if","locations":[{"start":{"line":16,"column":2},"end":{"line":17,"column":null}},{"start":{},"end":{}}],"line":16},"4":{"loc":{"start":{"line":24,"column":2},"end":{"line":25,"column":null}},"type":"if","locations":[{"start":{"line":24,"column":2},"end":{"line":25,"column":null}},{"start":{},"end":{}}],"line":24},"5":{"loc":{"start":{"line":34,"column":2},"end":{"line":35,"column":null}},"type":"if","locations":[{"start":{"line":34,"column":2},"end":{"line":35,"column":null}},{"start":{},"end":{}}],"line":34}},"s":{"0":2,"1":2,"2":2,"3":6,"4":1,"5":5,"6":1,"7":4,"8":2,"9":2,"10":1,"11":1,"12":2,"13":7,"14":7,"15":5,"16":2,"17":2,"18":2,"19":2,"20":1,"21":1,"22":1,"23":2,"24":2,"25":1},"f":{"0":6,"1":7,"2":2,"3":2,"4":2},"b":{"0":[1,5],"1":[1,4],"2":[2,2],"3":[1,1],"4":[5,2],"5":[1,1]},"meta":{"lastBranch":6,"lastFunction":5,"lastStatement":26,"seen":{"s:3:16:3:Infinity":0,"s:4:28:4:Infinity":1,"s:6:6:19:Infinity":2,"f:6:6:6:23":0,"b:7:2:8:Infinity:undefined:undefined:undefined:undefined":0,"s:7:2:8:Infinity":3,"s:8:4:8:Infinity":4,"b:10:2:11:Infinity:undefined:undefined:undefined:undefined":1,"s:10:2:11:Infinity":5,"s:11:4:11:Infinity":6,"b:13:2:14:Infinity:undefined:undefined:undefined:undefined":2,"s:13:2:14:Infinity":7,"s:14:4:14:Infinity":8,"b:16:2:17:Infinity:undefined:undefined:undefined:undefined":3,"s:16:2:17:Infinity":9,"s:17:4:17:Infinity":10,"s:19:2:19:Infinity":11,"s:22:23:27:Infinity":12,"f:22:23:22:30":1,"s:23:19:23:74":13,"b:24:2:25:Infinity:undefined:undefined:undefined:undefined":4,"s:24:2:25:Infinity":14,"s:25:4:25:Infinity":15,"s:27:2:27:Infinity":16,"s:30:26:43:Infinity":17,"f:30:26:30:38":2,"s:31:19:32:Infinity":18,"b:34:2:35:Infinity:undefined:undefined:undefined:undefined":5,"s:34:2:35:Infinity":19,"s:35:4:35:Infinity":20,"s:37:15:37:36":21,"s:38:18:41:Infinity":22,"f:39:17:39:22":3,"s:40:6:40:60":23,"f:40:25:40:31":4,"s:40:44:40:59":24,"s:43:2:43:Infinity":25}}}
,"C:\\Users\\user\\Desktop\\projects\\shushanik01-REACT2026Q2\\src\\types\\index.ts": {"path":"C:\\Users\\user\\Desktop\\projects\\shushanik01-REACT2026Q2\\src\\types\\index.ts","statementMap":{},"fnMap":{},"branchMap":{},"s":{},"f":{},"b":{},"meta":{"lastBranch":0,"lastFunction":0,"lastStatement":0,"seen":{}}}
,"C:\\Users\\user\\Desktop\\projects\\shushanik01-REACT2026Q2\\src\\utils\\localStorage.ts": {"path":"C:\\Users\\user\\Desktop\\projects\\shushanik01-REACT2026Q2\\src\\utils\\localStorage.ts","statementMap":{"0":{"start":{"line":1,"column":24},"end":{"line":1,"column":null}},"1":{"start":{"line":3,"column":13},"end":{"line":4,"column":null}},"2":{"start":{"line":4,"column":2},"end":{"line":4,"column":null}},"3":{"start":{"line":7,"column":13},"end":{"line":8,"column":null}},"4":{"start":{"line":8,"column":2},"end":{"line":8,"column":null}}},"fnMap":{"0":{"name":"(anonymous_0)","decl":{"start":{"line":3,"column":13},"end":{"line":3,"column":49}},"loc":{"start":{"line":3,"column":49},"end":{"line":4,"column":null}},"line":3},"1":{"name":"(anonymous_1)","decl":{"start":{"line":7,"column":13},"end":{"line":7,"column":36}},"loc":{"start":{"line":7,"column":60},"end":{"line":8,"column":null}},"line":7}},"branchMap":{"0":{"loc":{"start":{"line":4,"column":9},"end":{"line":4,"column":null}},"type":"binary-expr","locations":[{"start":{"line":4,"column":9},"end":{"line":4,"column":46}},{"start":{"line":4,"column":50},"end":{"line":4,"column":null}}],"line":4}},"s":{"0":2,"1":2,"2":3,"3":2,"4":5},"f":{"0":3,"1":5},"b":{"0":[3,1]},"meta":{"lastBranch":1,"lastFunction":2,"lastStatement":5,"seen":{"s:1:24:1:Infinity":0,"s:3:13:4:Infinity":1,"f:3:13:3:49":0,"s:4:2:4:Infinity":2,"b:4:9:4:46:4:50:4:Infinity":0,"s:7:13:8:Infinity":3,"f:7:13:7:36":1,"s:8:2:8:Infinity":4}}}
}
